<?xml version="1.0" encoding="UTF-8"?>
<!-- Generated by org.testng.reporters.JUnitXMLReporter -->
<testsuite ignored="0" hostname="DehurySabyasachi" failures="0" tests="5" name="Default test" time="311.088" errors="0" timestamp="2023-02-06T12:28:11 IST">
  <testcase classname="actitime.testScript.FlipkartDataprovider" name="Flipkart" time="109.683"/>
  <testcase classname="actitime.testScript.FlipkartDataprovider" name="Flipkart" time="64.566"/>
  <testcase classname="actitime.testScript.FlipkartDataprovider" name="Flipkart" time="55.748"/>
  <testcase classname="actitime.testScript.FlipkartDataprovider" name="Flipkart" time="39.423"/>
  <testcase classname="actitime.testScript.FlipkartDataprovider" name="Flipkart" time="40.424"/>
</testsuite> <!-- Default test -->
