<?xml version="1.0" encoding="UTF-8"?>
<testng-results ignored="0" total="1" passed="1" failed="0" skipped="0">
  <reporter-output>
  </reporter-output>
  <suite started-at="2023-02-07T12:26:59 IST" name="Suite" finished-at="2023-02-07T12:28:41 IST" duration-ms="102117">
    <groups>
    </groups>
    <test started-at="2023-02-07T12:26:59 IST" name="Test" finished-at="2023-02-07T12:28:41 IST" duration-ms="102117">
      <class name="actitime.testScript.DropdownHandling">
        <test-method is-config="true" signature="LaunchBrowser(java.lang.String)[pri:0, instance:actitime.testScript.DropdownHandling@6adbc9d]" started-at="2023-02-07T12:26:59 IST" name="LaunchBrowser" finished-at="2023-02-07T12:27:33 IST" duration-ms="33536" status="PASS">
          <params>
            <param index="0">
              <value>
                <![CDATA[chrome]]>
              </value>
            </param>
          </params>
          <reporter-output>
          </reporter-output>
        </test-method> <!-- LaunchBrowser -->
        <test-method is-config="true" signature="Login()[pri:0, instance:actitime.testScript.DropdownHandling@6adbc9d]" started-at="2023-02-07T12:27:33 IST" name="Login" finished-at="2023-02-07T12:27:57 IST" duration-ms="24320" status="PASS">
          <reporter-output>
          </reporter-output>
        </test-method> <!-- Login -->
        <test-method signature="DropDown()[pri:0, instance:actitime.testScript.DropdownHandling@6adbc9d]" started-at="2023-02-07T12:27:57 IST" name="DropDown" finished-at="2023-02-07T12:28:37 IST" duration-ms="39836" status="PASS">
          <reporter-output>
          </reporter-output>
        </test-method> <!-- DropDown -->
        <test-method is-config="true" signature="Logout()[pri:0, instance:actitime.testScript.DropdownHandling@6adbc9d]" started-at="2023-02-07T12:28:37 IST" name="Logout" finished-at="2023-02-07T12:28:38 IST" duration-ms="568" status="PASS">
          <reporter-output>
          </reporter-output>
        </test-method> <!-- Logout -->
        <test-method is-config="true" signature="closeBrowser()[pri:0, instance:actitime.testScript.DropdownHandling@6adbc9d]" started-at="2023-02-07T12:28:38 IST" name="closeBrowser" finished-at="2023-02-07T12:28:41 IST" duration-ms="3347" status="PASS">
          <reporter-output>
          </reporter-output>
        </test-method> <!-- closeBrowser -->
      </class> <!-- actitime.testScript.DropdownHandling -->
    </test> <!-- Test -->
  </suite> <!-- Suite -->
</testng-results>
